2025-12-20 15:39:23,496 - INFO Starting our Model training pipeline
2025-12-20 15:39:23,497 - INFO Starting our MLFLOW experimentation.
2025-12-20 15:39:23,498 - INFO Logging the training and testing dataset to MLFLOW
2025-12-20 15:39:23,524 - INFO Loading data: artifacts/processed\processed_train.csv
2025-12-20 15:39:23,524 - INFO Loading data
2025-12-20 15:39:23,558 - INFO Loading data: artifacts/processed\processed_train.csv
2025-12-20 15:39:23,558 - INFO Loading data
2025-12-20 15:39:23,573 - INFO Data splitted sucefully for Model Training
2025-12-20 15:39:23,573 - INFO Intializing our model
2025-12-20 15:39:23,574 - INFO Starting our Hyperparamter tuning.
2025-12-20 15:39:23,574 - INFO Starting hyperparameter tuning.
2025-12-20 15:39:23,592 - ERROR Error in model training pipeline cannot access local variable 'best_params' where it is not associated with a value
2025-12-20 15:43:30,586 - INFO Starting our Model training pipeline
2025-12-20 15:43:30,586 - INFO Starting our MLFLOW experimentation.
2025-12-20 15:43:30,586 - INFO Logging the training and testing dataset to MLFLOW
2025-12-20 15:43:30,657 - INFO Loading data: artifacts/processed\processed_train.csv
2025-12-20 15:43:30,657 - INFO Loading data
2025-12-20 15:43:30,689 - INFO Loading data: artifacts/processed\processed_train.csv
2025-12-20 15:43:30,689 - INFO Loading data
2025-12-20 15:43:30,705 - INFO Data splitted sucefully for Model Training
2025-12-20 15:44:54,160 - INFO Intializing our model
2025-12-20 15:44:54,160 - INFO Starting our Hyperparamter tuning.
2025-12-20 15:44:54,162 - INFO Starting hyperparameter tuning.
2025-12-20 15:45:04,895 - ERROR Error in model training pipeline cannot access local variable 'best_params' where it is not associated with a value
2025-12-20 15:49:43,219 - INFO Starting our Model training pipeline
2025-12-20 15:49:43,219 - INFO Starting our MLFLOW experimentation.
2025-12-20 15:49:43,220 - INFO Logging the training and testing dataset to MLFLOW
2025-12-20 15:49:43,245 - INFO Loading data: artifacts/processed\processed_train.csv
2025-12-20 15:49:43,245 - INFO Loading data
2025-12-20 15:49:43,266 - INFO Loading data: artifacts/processed\processed_test.csv
2025-12-20 15:49:43,266 - INFO Loading data
2025-12-20 15:49:43,272 - INFO Data splitted sucefully for Model Training
2025-12-20 15:49:43,272 - INFO Intializing our model
2025-12-20 15:49:43,273 - INFO Starting our Hyperparamter tuning.
2025-12-20 15:49:43,273 - INFO Starting hyperparameter tuning.
2025-12-20 15:50:03,499 - INFO Hyperparamter tuning completed
2025-12-20 15:50:03,499 - INFO Best params: {'boosting_type': 'gbdt', 'learning_rate': np.float64(0.1293700315892974), 'max_depth': 23, 'n_estimators': 314, 'num_leaves': 94}
2025-12-20 15:50:03,499 - INFO Evaluating model.
2025-12-20 15:50:03,560 - INFO Accuracy Score : 0.8814506539833532
2025-12-20 15:50:03,560 - INFO Precision Score : 0.8670480549199084
2025-12-20 15:50:03,560 - INFO Recall Score : 0.9010701545778834
2025-12-20 15:50:03,561 - INFO F1 Score : 0.883731778425656
2025-12-20 15:50:03,561 - INFO Saving model
2025-12-20 15:50:03,605 - INFO Saved model: artifacts/models/lgbm_model.pkl
2025-12-20 15:50:03,605 - INFO Logging the model into MLFlow.
2025-12-20 15:50:03,649 - INFO Logging the training and testing dataset to MLFlow.
